2022-12-22 21:04:30 ** Packing '/home/zeleny/.sh_packager/test_package2'
2022-12-22 21:04:30 Compressing by GZIP method...
2022-12-22 21:04:30 Compressed.
2022-12-22 21:04:30 Directory 'test_package2' packed as '/home/zeleny/.sh_packager/test_package2/test_package2.pkgsh' in 0 sec.
2022-12-22 21:04:30 Done. **

2022-12-22 21:10:57 ** Packing '/home/zeleny/.sh_packager/test_package2'
2022-12-22 21:10:57 Compressing by GZIP method...
2022-12-22 21:10:57 Compressed.
2022-12-22 21:10:57 Directory 'test_package2' packed as '/home/zeleny/.sh_packager/test_package2/test_package2.pkgsh' in 0 sec.
2022-12-22 21:10:57 Done. **

2022-12-22 21:11:41 ** Packing '/home/zeleny/.sh_packager/test_package2'
2022-12-22 21:11:41 Compressing by GZIP method...
2022-12-22 21:11:41 Compressed.
2022-12-22 21:11:41 Directory 'test_package2' packed as '/home/zeleny/.sh_packager/test_package2/test_package2.pkgsh' in 0 sec.
2022-12-22 21:11:41 Done. **

2022-12-22 21:12:01 ** Packing '/home/zeleny/.sh_packager/test_package2'
2022-12-22 21:12:01 Compressing by GZIP method...
2022-12-22 21:12:01 Compressed.
2022-12-22 21:12:01 Directory 'test_package2' packed as '/home/zeleny/.sh_packager/test_package2/test_package2.pkgsh' in 0 sec.
2022-12-22 21:12:01 Done. **

2022-12-22 21:13:59 ** Packing '/home/zeleny/.sh_packager/test_package2'
2022-12-22 21:13:59 Compressing by GZIP method...
2022-12-22 21:13:59 Compressed.
2022-12-22 21:13:59 Directory 'test_package2' packed as '/home/zeleny/.sh_packager/test_package2/test_package2.pkgsh' in 0 sec.
2022-12-22 21:13:59 Done. **

2022-12-22 21:15:49 ** Packing '/home/zeleny/.sh_packager/test_package2'
2022-12-22 21:15:49 Compressing by GZIP method...
2022-12-22 21:15:49 Compressed.
2022-12-22 21:15:49 Directory 'test_package2' packed as '/home/zeleny/.sh_packager/test_package2/test_package2.pkgsh' in 0 sec.
2022-12-22 21:15:49 Done. **

2022-12-22 21:17:27 ** Packing '/home/zeleny/.sh_packager/test_package2'
2022-12-22 21:17:27 Compressing by GZIP method...
2022-12-22 21:17:27 Compressed.
2022-12-22 21:17:27 Directory 'test_package2' packed as '/home/zeleny/.sh_packager/test_package2/test_package2.pkgsh' in 0 sec.
2022-12-22 21:17:27 Done. **

2022-12-22 21:18:20 ** Packing '/home/zeleny/.sh_packager/test_package2'
2022-12-22 21:18:20 Compressing by GZIP method...
2022-12-22 21:18:20 Compressed.
2022-12-22 21:18:20 Directory 'test_package2' packed as '/home/zeleny/.sh_packager/test_package2/test_package2.pkgsh' in 0 sec.
2022-12-22 21:18:20 Done. **

